[ 2016-06-03T16:19:12+08:00 ] 192.168.72.1 /spider/
INFO: [ app_begin ] --START--
INFO: ReadHtmlCache Behavior ::run [ RunTime:0.005433s ]
INFO: [ app_begin ] --END-- [ RunTime:0.006784s ]

[ 2016-06-03T16:30:20+08:00 ] 192.168.72.1 /spider/
INFO: [ app_begin ] --START--
INFO: ReadHtmlCache Behavior ::run [ RunTime:0.002145s ]
INFO: [ app_begin ] --END-- [ RunTime:0.002514s ]

[ 2016-06-03T16:30:23+08:00 ] 192.168.72.1 /spider/
INFO: [ app_begin ] --START--
INFO: ReadHtmlCache Behavior ::run [ RunTime:0.001995s ]
INFO: [ app_begin ] --END-- [ RunTime:0.002483s ]

[ 2016-06-03T16:30:37+08:00 ] 192.168.72.1 /spider/
INFO: [ app_begin ] --START--
INFO: ReadHtmlCache Behavior ::run [ RunTime:0.002542s ]
INFO: [ app_begin ] --END-- [ RunTime:0.003443s ]

[ 2016-06-03T16:30:38+08:00 ] 192.168.72.1 /spider/
INFO: [ app_begin ] --START--
INFO: ReadHtmlCache Behavior ::run [ RunTime:0.001302s ]
INFO: [ app_begin ] --END-- [ RunTime:0.001729s ]

[ 2016-06-03T16:30:39+08:00 ] 192.168.72.1 /spider/
INFO: [ app_begin ] --START--
INFO: ReadHtmlCache Behavior ::run [ RunTime:0.002514s ]
INFO: [ app_begin ] --END-- [ RunTime:0.003016s ]

[ 2016-06-03T16:30:39+08:00 ] 192.168.72.1 /spider/
INFO: [ app_begin ] --START--
INFO: ReadHtmlCache Behavior ::run [ RunTime:0.001231s ]
INFO: [ app_begin ] --END-- [ RunTime:0.001455s ]

[ 2016-06-03T16:30:39+08:00 ] 192.168.72.1 /spider/
INFO: [ app_begin ] --START--
INFO: ReadHtmlCache Behavior ::run [ RunTime:0.002604s ]
INFO: [ app_begin ] --END-- [ RunTime:0.003236s ]

[ 2016-06-03T16:30:40+08:00 ] 192.168.72.1 /spider/
INFO: [ app_begin ] --START--
INFO: ReadHtmlCache Behavior ::run [ RunTime:0.002937s ]
INFO: [ app_begin ] --END-- [ RunTime:0.003440s ]

[ 2016-06-03T16:30:40+08:00 ] 192.168.72.1 /spider/
INFO: [ app_begin ] --START--
INFO: ReadHtmlCache Behavior ::run [ RunTime:0.001778s ]
INFO: [ app_begin ] --END-- [ RunTime:0.001975s ]

[ 2016-06-03T16:31:13+08:00 ] 192.168.72.1 /spider/
INFO: [ app_begin ] --START--
INFO: ReadHtmlCache Behavior ::run [ RunTime:0.001666s ]
INFO: [ app_begin ] --END-- [ RunTime:0.001882s ]

[ 2016-06-03T16:31:14+08:00 ] 192.168.72.1 /spider/
INFO: [ app_begin ] --START--
INFO: ReadHtmlCache Behavior ::run [ RunTime:0.006243s ]
INFO: [ app_begin ] --END-- [ RunTime:0.006671s ]

[ 2016-06-03T16:31:18+08:00 ] 192.168.72.1 /spider/
INFO: [ app_begin ] --START--
INFO: ReadHtmlCache Behavior ::run [ RunTime:0.001546s ]
INFO: [ app_begin ] --END-- [ RunTime:0.001851s ]

[ 2016-06-03T16:31:20+08:00 ] 192.168.72.1 /spider/
INFO: [ app_begin ] --START--
INFO: ReadHtmlCache Behavior ::run [ RunTime:0.001334s ]
INFO: [ app_begin ] --END-- [ RunTime:0.001688s ]

[ 2016-06-03T16:31:21+08:00 ] 192.168.72.1 /spider/
INFO: [ app_begin ] --START--
INFO: ReadHtmlCache Behavior ::run [ RunTime:0.003015s ]
INFO: [ app_begin ] --END-- [ RunTime:0.003320s ]

[ 2016-06-03T16:31:22+08:00 ] 192.168.72.1 /spider/
INFO: [ app_begin ] --START--
INFO: ReadHtmlCache Behavior ::run [ RunTime:0.006504s ]
INFO: [ app_begin ] --END-- [ RunTime:0.006731s ]

[ 2016-06-03T16:31:40+08:00 ] 192.168.72.1 /spider/
INFO: [ app_begin ] --START--
INFO: ReadHtmlCache Behavior ::run [ RunTime:0.001372s ]
INFO: [ app_begin ] --END-- [ RunTime:0.001607s ]

[ 2016-06-03T16:31:41+08:00 ] 192.168.72.1 /spider/
INFO: [ app_begin ] --START--
INFO: ReadHtmlCache Behavior ::run [ RunTime:0.001429s ]
INFO: [ app_begin ] --END-- [ RunTime:0.001648s ]

[ 2016-06-03T16:31:42+08:00 ] 192.168.72.1 /spider/
INFO: [ app_begin ] --START--
INFO: ReadHtmlCache Behavior ::run [ RunTime:0.001658s ]
INFO: [ app_begin ] --END-- [ RunTime:0.002095s ]

[ 2016-06-03T16:31:42+08:00 ] 192.168.72.1 /spider/
INFO: [ app_begin ] --START--
INFO: ReadHtmlCache Behavior ::run [ RunTime:0.001256s ]
INFO: [ app_begin ] --END-- [ RunTime:0.001464s ]

[ 2016-06-03T16:31:43+08:00 ] 192.168.72.1 /spider/
INFO: [ app_begin ] --START--
INFO: ReadHtmlCache Behavior ::run [ RunTime:0.001179s ]
INFO: [ app_begin ] --END-- [ RunTime:0.001482s ]

[ 2016-06-03T16:31:44+08:00 ] 192.168.72.1 /spider/
INFO: [ app_begin ] --START--
INFO: ReadHtmlCache Behavior ::run [ RunTime:0.001324s ]
INFO: [ app_begin ] --END-- [ RunTime:0.001584s ]

[ 2016-06-03T16:32:21+08:00 ] 192.168.72.1 /spider/
INFO: [ app_begin ] --START--
INFO: ReadHtmlCache Behavior ::run [ RunTime:0.002216s ]
INFO: [ app_begin ] --END-- [ RunTime:0.002496s ]

[ 2016-06-03T16:33:30+08:00 ] 192.168.72.1 /spider/
INFO: [ app_begin ] --START--
INFO: ReadHtmlCache Behavior ::run [ RunTime:0.001710s ]
INFO: [ app_begin ] --END-- [ RunTime:0.001931s ]
INFO: [ view_parse ] --START--
INFO: ParseTemplate Behavior ::run [ RunTime:0.056327s ]
INFO: [ view_parse ] --END-- [ RunTime:0.056572s ]
INFO: [ view_filter ] --START--
INFO: ContentReplace Behavior ::run [ RunTime:0.003209s ]
INFO: TokenBuild Behavior ::run [ RunTime:0.003472s ]
INFO: WriteHtmlCache Behavior ::run [ RunTime:0.001433s ]
INFO: ShowRuntime Behavior ::run [ RunTime:0.004815s ]
INFO: [ view_filter ] --END-- [ RunTime:0.014091s ]
INFO: [ view_end ] --START--
INFO: ShowPageTrace Behavior ::run [ RunTime:0.004965s ]
INFO: [ view_end ] --END-- [ RunTime:0.005210s ]

[ 2016-06-03T16:34:55+08:00 ] 192.168.72.1 /spider/
INFO: [ app_begin ] --START--
INFO: ReadHtmlCache Behavior ::run [ RunTime:0.001767s ]
INFO: [ app_begin ] --END-- [ RunTime:0.002003s ]
INFO: [ view_parse ] --START--
INFO: ParseTemplate Behavior ::run [ RunTime:0.044109s ]
INFO: [ view_parse ] --END-- [ RunTime:0.044311s ]
INFO: [ view_filter ] --START--
INFO: ContentReplace Behavior ::run [ RunTime:0.001532s ]
INFO: TokenBuild Behavior ::run [ RunTime:0.000762s ]
INFO: WriteHtmlCache Behavior ::run [ RunTime:0.000710s ]
INFO: ShowRuntime Behavior ::run [ RunTime:0.001571s ]
INFO: [ view_filter ] --END-- [ RunTime:0.006043s ]
INFO: [ view_end ] --START--
INFO: ShowPageTrace Behavior ::run [ RunTime:0.004008s ]
INFO: [ view_end ] --END-- [ RunTime:0.004352s ]

[ 2016-06-03T16:56:50+08:00 ] 192.168.72.1 /spider/
INFO: [ app_begin ] --START--
INFO: ReadHtmlCache Behavior ::run [ RunTime:0.001189s ]
INFO: [ app_begin ] --END-- [ RunTime:0.001396s ]
INFO: [ view_parse ] --START--
INFO: ParseTemplate Behavior ::run [ RunTime:0.036122s ]
INFO: [ view_parse ] --END-- [ RunTime:0.036353s ]
INFO: [ view_filter ] --START--
INFO: ContentReplace Behavior ::run [ RunTime:0.001890s ]
INFO: TokenBuild Behavior ::run [ RunTime:0.001486s ]
INFO: WriteHtmlCache Behavior ::run [ RunTime:0.000677s ]
INFO: ShowRuntime Behavior ::run [ RunTime:0.000968s ]
INFO: [ view_filter ] --END-- [ RunTime:0.005935s ]
INFO: [ view_end ] --START--
INFO: ShowPageTrace Behavior ::run [ RunTime:0.002287s ]
INFO: [ view_end ] --END-- [ RunTime:0.003923s ]

[ 2016-06-03T16:57:56+08:00 ] 192.168.72.1 /spider/index.php/Admin/login
INFO: [ route_check ] --START--
INFO: CheckRoute Behavior ::run [ RunTime:0.004974s ]
INFO: [ route_check ] --END-- [ RunTime:0.005390s ]
INFO: [ app_begin ] --START--
INFO: ReadHtmlCache Behavior ::run [ RunTime:0.001475s ]
INFO: [ app_begin ] --END-- [ RunTime:0.002301s ]
INFO: [ view_parse ] --START--
INFO: ParseTemplate Behavior ::run [ RunTime:0.049832s ]
INFO: [ view_parse ] --END-- [ RunTime:0.050295s ]
INFO: [ view_filter ] --START--
INFO: ContentReplace Behavior ::run [ RunTime:0.001628s ]
INFO: TokenBuild Behavior ::run [ RunTime:0.001500s ]
INFO: WriteHtmlCache Behavior ::run [ RunTime:0.000574s ]
INFO: ShowRuntime Behavior ::run [ RunTime:0.001067s ]
INFO: [ view_filter ] --END-- [ RunTime:0.005496s ]
INFO: [ view_end ] --START--
INFO: ShowPageTrace Behavior ::run [ RunTime:0.001889s ]
INFO: [ view_end ] --END-- [ RunTime:0.002054s ]

[ 2016-06-03T16:57:59+08:00 ] 192.168.72.1 /spider/index.php/Admin/
INFO: [ route_check ] --START--
INFO: CheckRoute Behavior ::run [ RunTime:0.004432s ]
INFO: [ route_check ] --END-- [ RunTime:0.004895s ]
INFO: [ app_begin ] --START--
INFO: ReadHtmlCache Behavior ::run [ RunTime:0.002545s ]
INFO: [ app_begin ] --END-- [ RunTime:0.003055s ]
ERR: 非法操作:index.php

[ 2016-06-03T16:58:25+08:00 ] 192.168.72.1 /spider/index.php/Admin/
INFO: [ route_check ] --START--
INFO: CheckRoute Behavior ::run [ RunTime:0.001043s ]
INFO: [ route_check ] --END-- [ RunTime:0.001218s ]
INFO: [ app_begin ] --START--
INFO: ReadHtmlCache Behavior ::run [ RunTime:0.001412s ]
INFO: [ app_begin ] --END-- [ RunTime:0.001692s ]
ERR: 非法操作:index.php

[ 2016-06-03T16:58:32+08:00 ] 192.168.72.1 /spider/index.php/Admin/index
INFO: [ route_check ] --START--
INFO: CheckRoute Behavior ::run [ RunTime:0.002575s ]
INFO: [ route_check ] --END-- [ RunTime:0.003045s ]
INFO: [ app_begin ] --START--
INFO: ReadHtmlCache Behavior ::run [ RunTime:0.001738s ]
INFO: [ app_begin ] --END-- [ RunTime:0.002169s ]

[ 2016-06-03T16:58:45+08:00 ] 192.168.72.1 /spider/index.php/Admin/index
INFO: [ route_check ] --START--
INFO: CheckRoute Behavior ::run [ RunTime:0.004743s ]
INFO: [ route_check ] --END-- [ RunTime:0.005193s ]
INFO: [ app_begin ] --START--
INFO: ReadHtmlCache Behavior ::run [ RunTime:0.001753s ]
INFO: [ app_begin ] --END-- [ RunTime:0.002082s ]
INFO: [ view_parse ] --START--
INFO: ParseTemplate Behavior ::run [ RunTime:0.047727s ]
INFO: [ view_parse ] --END-- [ RunTime:0.048292s ]
INFO: [ view_filter ] --START--
INFO: ContentReplace Behavior ::run [ RunTime:0.002430s ]
INFO: TokenBuild Behavior ::run [ RunTime:0.001350s ]
INFO: WriteHtmlCache Behavior ::run [ RunTime:0.000889s ]
INFO: ShowRuntime Behavior ::run [ RunTime:0.001513s ]
INFO: [ view_filter ] --END-- [ RunTime:0.007107s ]
INFO: [ view_end ] --START--
INFO: ShowPageTrace Behavior ::run [ RunTime:0.008835s ]
INFO: [ view_end ] --END-- [ RunTime:0.009254s ]

[ 2016-06-03T16:58:45+08:00 ] 192.168.72.1 /spider/index.php/Admin/
INFO: [ route_check ] --START--
INFO: CheckRoute Behavior ::run [ RunTime:0.004658s ]
INFO: [ route_check ] --END-- [ RunTime:0.005008s ]
INFO: [ app_begin ] --START--
INFO: ReadHtmlCache Behavior ::run [ RunTime:0.002384s ]
INFO: [ app_begin ] --END-- [ RunTime:0.002609s ]
ERR: 非法操作:index.php

[ 2016-06-03T16:58:46+08:00 ] 192.168.72.1 /spider/index.php/Admin/index
INFO: [ route_check ] --START--
INFO: CheckRoute Behavior ::run [ RunTime:0.005828s ]
INFO: [ route_check ] --END-- [ RunTime:0.006601s ]
INFO: [ app_begin ] --START--
INFO: ReadHtmlCache Behavior ::run [ RunTime:0.004456s ]
INFO: [ app_begin ] --END-- [ RunTime:0.004978s ]
INFO: [ view_parse ] --START--
INFO: ParseTemplate Behavior ::run [ RunTime:0.058291s ]
INFO: [ view_parse ] --END-- [ RunTime:0.059215s ]
INFO: [ view_filter ] --START--
INFO: ContentReplace Behavior ::run [ RunTime:0.003339s ]
INFO: TokenBuild Behavior ::run [ RunTime:0.005419s ]
INFO: WriteHtmlCache Behavior ::run [ RunTime:0.001230s ]
INFO: ShowRuntime Behavior ::run [ RunTime:0.002585s ]
INFO: [ view_filter ] --END-- [ RunTime:0.014621s ]
INFO: [ view_end ] --START--
INFO: ShowPageTrace Behavior ::run [ RunTime:0.009529s ]
INFO: [ view_end ] --END-- [ RunTime:0.010135s ]

[ 2016-06-03T16:58:46+08:00 ] 192.168.72.1 /spider/index.php/Admin/index
INFO: [ route_check ] --START--
INFO: CheckRoute Behavior ::run [ RunTime:0.004271s ]
INFO: [ route_check ] --END-- [ RunTime:0.004744s ]
INFO: [ app_begin ] --START--
INFO: ReadHtmlCache Behavior ::run [ RunTime:0.005305s ]
INFO: [ app_begin ] --END-- [ RunTime:0.005785s ]
INFO: [ view_parse ] --START--
INFO: ParseTemplate Behavior ::run [ RunTime:0.048803s ]
INFO: [ view_parse ] --END-- [ RunTime:0.049513s ]
INFO: [ view_filter ] --START--
INFO: ContentReplace Behavior ::run [ RunTime:0.001043s ]
INFO: TokenBuild Behavior ::run [ RunTime:0.001455s ]
INFO: WriteHtmlCache Behavior ::run [ RunTime:0.000794s ]
INFO: ShowRuntime Behavior ::run [ RunTime:0.005476s ]
INFO: [ view_filter ] --END-- [ RunTime:0.010367s ]
INFO: [ view_end ] --START--
INFO: ShowPageTrace Behavior ::run [ RunTime:0.005570s ]
INFO: [ view_end ] --END-- [ RunTime:0.006420s ]

[ 2016-06-03T16:58:46+08:00 ] 192.168.72.1 /spider/index.php/Admin/index
INFO: [ route_check ] --START--
INFO: CheckRoute Behavior ::run [ RunTime:0.001922s ]
INFO: [ route_check ] --END-- [ RunTime:0.002150s ]
INFO: [ app_begin ] --START--
INFO: ReadHtmlCache Behavior ::run [ RunTime:0.001389s ]
INFO: [ app_begin ] --END-- [ RunTime:0.001581s ]
INFO: [ view_parse ] --START--
INFO: ParseTemplate Behavior ::run [ RunTime:0.039900s ]
INFO: [ view_parse ] --END-- [ RunTime:0.040539s ]
INFO: [ view_filter ] --START--
INFO: ContentReplace Behavior ::run [ RunTime:0.002694s ]
INFO: TokenBuild Behavior ::run [ RunTime:0.003605s ]
INFO: WriteHtmlCache Behavior ::run [ RunTime:0.001955s ]
INFO: ShowRuntime Behavior ::run [ RunTime:0.002248s ]
INFO: [ view_filter ] --END-- [ RunTime:0.011806s ]
INFO: [ view_end ] --START--
INFO: ShowPageTrace Behavior ::run [ RunTime:0.003494s ]
INFO: [ view_end ] --END-- [ RunTime:0.003900s ]

[ 2016-06-03T16:58:46+08:00 ] 192.168.72.1 /spider/index.php/Admin/index
INFO: [ route_check ] --START--
INFO: CheckRoute Behavior ::run [ RunTime:0.002706s ]
INFO: [ route_check ] --END-- [ RunTime:0.002933s ]
INFO: [ app_begin ] --START--
INFO: ReadHtmlCache Behavior ::run [ RunTime:0.001676s ]
INFO: [ app_begin ] --END-- [ RunTime:0.001915s ]
INFO: [ view_parse ] --START--
INFO: ParseTemplate Behavior ::run [ RunTime:0.039873s ]
INFO: [ view_parse ] --END-- [ RunTime:0.040198s ]
INFO: [ view_filter ] --START--
INFO: ContentReplace Behavior ::run [ RunTime:0.000734s ]
INFO: TokenBuild Behavior ::run [ RunTime:0.002272s ]
INFO: WriteHtmlCache Behavior ::run [ RunTime:0.000722s ]
INFO: ShowRuntime Behavior ::run [ RunTime:0.001511s ]
INFO: [ view_filter ] --END-- [ RunTime:0.006377s ]
INFO: [ view_end ] --START--
INFO: ShowPageTrace Behavior ::run [ RunTime:0.002468s ]
INFO: [ view_end ] --END-- [ RunTime:0.002744s ]

[ 2016-06-03T16:58:50+08:00 ] 192.168.72.1 /spider/index.php/Admin/index
INFO: [ route_check ] --START--
INFO: CheckRoute Behavior ::run [ RunTime:0.005793s ]
INFO: [ route_check ] --END-- [ RunTime:0.006798s ]
INFO: [ app_begin ] --START--
INFO: ReadHtmlCache Behavior ::run [ RunTime:0.002873s ]
INFO: [ app_begin ] --END-- [ RunTime:0.003695s ]
INFO: [ view_parse ] --START--
INFO: ParseTemplate Behavior ::run [ RunTime:0.054411s ]
INFO: [ view_parse ] --END-- [ RunTime:0.055143s ]
INFO: [ view_filter ] --START--
INFO: ContentReplace Behavior ::run [ RunTime:0.002756s ]
INFO: TokenBuild Behavior ::run [ RunTime:0.000988s ]
INFO: WriteHtmlCache Behavior ::run [ RunTime:0.000580s ]
INFO: ShowRuntime Behavior ::run [ RunTime:0.003017s ]
INFO: [ view_filter ] --END-- [ RunTime:0.009146s ]
INFO: [ view_end ] --START--
INFO: ShowPageTrace Behavior ::run [ RunTime:0.003512s ]
INFO: [ view_end ] --END-- [ RunTime:0.004015s ]

[ 2016-06-03T16:58:54+08:00 ] 192.168.72.1 /spider/index.php/Menu/index.html
INFO: [ route_check ] --START--
INFO: CheckRoute Behavior ::run [ RunTime:0.002874s ]
INFO: [ route_check ] --END-- [ RunTime:0.003535s ]
INFO: [ app_begin ] --START--
INFO: ReadHtmlCache Behavior ::run [ RunTime:0.001393s ]
INFO: [ app_begin ] --END-- [ RunTime:0.001683s ]
ERR: 无法加载模块:Menu

[ 2016-06-03T17:00:46+08:00 ] 192.168.72.1 /spider/index.php/Admin/index
INFO: [ route_check ] --START--
INFO: CheckRoute Behavior ::run [ RunTime:0.004536s ]
INFO: [ route_check ] --END-- [ RunTime:0.017595s ]
INFO: [ app_begin ] --START--
INFO: ReadHtmlCache Behavior ::run [ RunTime:0.006815s ]
INFO: [ app_begin ] --END-- [ RunTime:0.007547s ]
INFO: [ view_parse ] --START--
INFO: ParseTemplate Behavior ::run [ RunTime:0.031493s ]
INFO: [ view_parse ] --END-- [ RunTime:0.031944s ]
INFO: [ view_filter ] --START--
INFO: ContentReplace Behavior ::run [ RunTime:0.002925s ]
INFO: TokenBuild Behavior ::run [ RunTime:0.001829s ]
INFO: WriteHtmlCache Behavior ::run [ RunTime:0.001320s ]
INFO: ShowRuntime Behavior ::run [ RunTime:0.002181s ]
INFO: [ view_filter ] --END-- [ RunTime:0.010150s ]
INFO: [ view_end ] --START--
INFO: ShowPageTrace Behavior ::run [ RunTime:0.003713s ]
INFO: [ view_end ] --END-- [ RunTime:0.004389s ]

[ 2016-06-03T17:00:47+08:00 ] 192.168.72.1 /spider/index.php/Menu/index.html
INFO: [ route_check ] --START--
INFO: CheckRoute Behavior ::run [ RunTime:0.001047s ]
INFO: [ route_check ] --END-- [ RunTime:0.001177s ]
INFO: [ app_begin ] --START--
INFO: ReadHtmlCache Behavior ::run [ RunTime:0.000518s ]
INFO: [ app_begin ] --END-- [ RunTime:0.000594s ]
INFO: [ view_parse ] --START--
INFO: ParseTemplate Behavior ::run [ RunTime:0.011777s ]
INFO: [ view_parse ] --END-- [ RunTime:0.011918s ]
INFO: [ view_filter ] --START--
INFO: ContentReplace Behavior ::run [ RunTime:0.000468s ]
INFO: TokenBuild Behavior ::run [ RunTime:0.000463s ]
INFO: WriteHtmlCache Behavior ::run [ RunTime:0.000274s ]
INFO: ShowRuntime Behavior ::run [ RunTime:0.000494s ]
INFO: [ view_filter ] --END-- [ RunTime:0.001940s ]
INFO: [ view_end ] --START--
INFO: ShowPageTrace Behavior ::run [ RunTime:0.001060s ]
INFO: [ view_end ] --END-- [ RunTime:0.001231s ]

[ 2016-06-03T17:00:47+08:00 ] 192.168.72.1 /spider/index.php//spider/search/Tpl/Public/Css/style.css
INFO: [ route_check ] --START--
INFO: CheckRoute Behavior ::run [ RunTime:0.001409s ]
INFO: [ route_check ] --END-- [ RunTime:0.001584s ]
INFO: [ app_begin ] --START--
INFO: ReadHtmlCache Behavior ::run [ RunTime:0.001837s ]
INFO: [ app_begin ] --END-- [ RunTime:0.001987s ]
ERR: 无法加载模块:spider

[ 2016-06-03T17:00:47+08:00 ] 192.168.72.1 /spider/index.php//spider/search/Tpl/Public/Js/bootstrap.js
INFO: [ route_check ] --START--
INFO: CheckRoute Behavior ::run [ RunTime:0.001522s ]
INFO: [ route_check ] --END-- [ RunTime:0.001673s ]
INFO: [ app_begin ] --START--
INFO: ReadHtmlCache Behavior ::run [ RunTime:0.000935s ]
INFO: [ app_begin ] --END-- [ RunTime:0.003206s ]
ERR: 无法加载模块:spider

[ 2016-06-03T17:00:47+08:00 ] 192.168.72.1 /spider/index.php//spider/search/Tpl/Public/Js/jquery.sorted.js
INFO: [ route_check ] --START--
INFO: CheckRoute Behavior ::run [ RunTime:0.001402s ]
INFO: [ route_check ] --END-- [ RunTime:0.001537s ]
INFO: [ app_begin ] --START--
INFO: ReadHtmlCache Behavior ::run [ RunTime:0.000853s ]
INFO: [ app_begin ] --END-- [ RunTime:0.000976s ]
ERR: 无法加载模块:spider

[ 2016-06-03T17:00:47+08:00 ] 192.168.72.1 /spider/index.php//spider/search/Tpl/Public/Css/bootstrap.css
INFO: [ route_check ] --START--
INFO: CheckRoute Behavior ::run [ RunTime:0.001754s ]
INFO: [ route_check ] --END-- [ RunTime:0.001987s ]
INFO: [ app_begin ] --START--
INFO: ReadHtmlCache Behavior ::run [ RunTime:0.014422s ]
INFO: [ app_begin ] --END-- [ RunTime:0.014700s ]
ERR: 无法加载模块:spider

[ 2016-06-03T17:00:47+08:00 ] 192.168.72.1 /spider/index.php//spider/search/Tpl/Public/Css/bootstrap-responsive.css
INFO: [ route_check ] --START--
INFO: CheckRoute Behavior ::run [ RunTime:0.001674s ]
INFO: [ route_check ] --END-- [ RunTime:0.001833s ]
INFO: [ app_begin ] --START--
INFO: ReadHtmlCache Behavior ::run [ RunTime:0.001169s ]
INFO: [ app_begin ] --END-- [ RunTime:0.001282s ]
ERR: 无法加载模块:spider

[ 2016-06-03T17:00:47+08:00 ] 192.168.72.1 /spider/index.php//spider/search/Tpl/Public/Js/ckform.js
INFO: [ route_check ] --START--
INFO: CheckRoute Behavior ::run [ RunTime:0.004241s ]
INFO: [ route_check ] --END-- [ RunTime:0.004450s ]
INFO: [ app_begin ] --START--
INFO: ReadHtmlCache Behavior ::run [ RunTime:0.001827s ]
INFO: [ app_begin ] --END-- [ RunTime:0.001988s ]
ERR: 无法加载模块:spider

[ 2016-06-03T17:00:47+08:00 ] 192.168.72.1 /spider/index.php//spider/search/Tpl/Public/Js/jquery.js
INFO: [ route_check ] --START--
INFO: CheckRoute Behavior ::run [ RunTime:0.002766s ]
INFO: [ route_check ] --END-- [ RunTime:0.003551s ]
INFO: [ app_begin ] --START--
INFO: ReadHtmlCache Behavior ::run [ RunTime:0.001332s ]
INFO: [ app_begin ] --END-- [ RunTime:0.003909s ]
ERR: 无法加载模块:spider

[ 2016-06-03T17:00:47+08:00 ] 192.168.72.1 /spider/index.php//spider/search/Tpl/Public/Js/common.js
INFO: [ route_check ] --START--
INFO: CheckRoute Behavior ::run [ RunTime:0.001978s ]
INFO: [ route_check ] --END-- [ RunTime:0.002234s ]
INFO: [ app_begin ] --START--
INFO: ReadHtmlCache Behavior ::run [ RunTime:0.001162s ]
INFO: [ app_begin ] --END-- [ RunTime:0.001278s ]
ERR: 无法加载模块:spider

[ 2016-06-03T17:00:47+08:00 ] 192.168.72.1 /spider/index.php//spider/search/Tpl/Public/assets/js/jquery-1.8.1.min.js
INFO: [ route_check ] --START--
INFO: CheckRoute Behavior ::run [ RunTime:0.001858s ]
INFO: [ route_check ] --END-- [ RunTime:0.002705s ]
INFO: [ app_begin ] --START--
INFO: ReadHtmlCache Behavior ::run [ RunTime:0.000999s ]
INFO: [ app_begin ] --END-- [ RunTime:0.001148s ]
ERR: 无法加载模块:spider

[ 2016-06-03T17:00:50+08:00 ] 192.168.72.1 /spider/index.php/Menu/index.html
INFO: [ route_check ] --START--
INFO: CheckRoute Behavior ::run [ RunTime:0.001631s ]
INFO: [ route_check ] --END-- [ RunTime:0.001914s ]
INFO: [ app_begin ] --START--
INFO: ReadHtmlCache Behavior ::run [ RunTime:0.005270s ]
INFO: [ app_begin ] --END-- [ RunTime:0.005596s ]
INFO: [ view_parse ] --START--
INFO: ParseTemplate Behavior ::run [ RunTime:0.017388s ]
INFO: [ view_parse ] --END-- [ RunTime:0.017566s ]
INFO: [ view_filter ] --START--
INFO: ContentReplace Behavior ::run [ RunTime:0.001263s ]
INFO: TokenBuild Behavior ::run [ RunTime:0.001971s ]
INFO: WriteHtmlCache Behavior ::run [ RunTime:0.001007s ]
INFO: ShowRuntime Behavior ::run [ RunTime:0.000959s ]
INFO: [ view_filter ] --END-- [ RunTime:0.005704s ]
INFO: [ view_end ] --START--
INFO: ShowPageTrace Behavior ::run [ RunTime:0.001373s ]
INFO: [ view_end ] --END-- [ RunTime:0.001505s ]

[ 2016-06-03T17:00:50+08:00 ] 192.168.72.1 /spider/index.php//spider/search/Tpl/Public/Css/bootstrap.css
INFO: [ route_check ] --START--
INFO: CheckRoute Behavior ::run [ RunTime:0.002790s ]
INFO: [ route_check ] --END-- [ RunTime:0.003076s ]
INFO: [ app_begin ] --START--
INFO: ReadHtmlCache Behavior ::run [ RunTime:0.001892s ]
INFO: [ app_begin ] --END-- [ RunTime:0.002132s ]
ERR: 无法加载模块:spider

[ 2016-06-03T17:00:50+08:00 ] 192.168.72.1 /spider/index.php//spider/search/Tpl/Public/Js/jquery.sorted.js
INFO: [ route_check ] --START--
INFO: CheckRoute Behavior ::run [ RunTime:0.002765s ]
INFO: [ route_check ] --END-- [ RunTime:0.003040s ]
INFO: [ app_begin ] --START--
INFO: ReadHtmlCache Behavior ::run [ RunTime:0.001558s ]
INFO: [ app_begin ] --END-- [ RunTime:0.001841s ]
ERR: 无法加载模块:spider

[ 2016-06-03T17:00:50+08:00 ] 192.168.72.1 /spider/index.php//spider/search/Tpl/Public/Css/style.css
INFO: [ route_check ] --START--
INFO: CheckRoute Behavior ::run [ RunTime:0.003036s ]
INFO: [ route_check ] --END-- [ RunTime:0.003415s ]
INFO: [ app_begin ] --START--
INFO: ReadHtmlCache Behavior ::run [ RunTime:0.012671s ]
INFO: [ app_begin ] --END-- [ RunTime:0.013097s ]
ERR: 无法加载模块:spider

[ 2016-06-03T17:00:50+08:00 ] 192.168.72.1 /spider/index.php//spider/search/Tpl/Public/Css/bootstrap-responsive.css
INFO: [ route_check ] --START--
INFO: CheckRoute Behavior ::run [ RunTime:0.002897s ]
INFO: [ route_check ] --END-- [ RunTime:0.003231s ]
INFO: [ app_begin ] --START--
INFO: ReadHtmlCache Behavior ::run [ RunTime:0.001592s ]
INFO: [ app_begin ] --END-- [ RunTime:0.001894s ]
ERR: 无法加载模块:spider

[ 2016-06-03T17:00:50+08:00 ] 192.168.72.1 /spider/index.php//spider/search/Tpl/Public/Js/bootstrap.js
INFO: [ route_check ] --START--
INFO: CheckRoute Behavior ::run [ RunTime:0.017566s ]
INFO: [ route_check ] --END-- [ RunTime:0.018288s ]
INFO: [ app_begin ] --START--
INFO: ReadHtmlCache Behavior ::run [ RunTime:0.026131s ]
INFO: [ app_begin ] --END-- [ RunTime:0.026541s ]
ERR: 无法加载模块:spider

[ 2016-06-03T17:00:50+08:00 ] 192.168.72.1 /spider/index.php//spider/search/Tpl/Public/Js/common.js
INFO: [ route_check ] --START--
INFO: CheckRoute Behavior ::run [ RunTime:0.004842s ]
INFO: [ route_check ] --END-- [ RunTime:0.005106s ]
INFO: [ app_begin ] --START--
INFO: ReadHtmlCache Behavior ::run [ RunTime:0.006988s ]
INFO: [ app_begin ] --END-- [ RunTime:0.007312s ]
ERR: 无法加载模块:spider

[ 2016-06-03T17:00:50+08:00 ] 192.168.72.1 /spider/index.php//spider/search/Tpl/Public/Js/jquery.js
INFO: [ route_check ] --START--
INFO: CheckRoute Behavior ::run [ RunTime:0.015127s ]
INFO: [ route_check ] --END-- [ RunTime:0.015514s ]
INFO: [ app_begin ] --START--
INFO: ReadHtmlCache Behavior ::run [ RunTime:0.001667s ]
INFO: [ app_begin ] --END-- [ RunTime:0.002139s ]
ERR: 无法加载模块:spider

[ 2016-06-03T17:00:50+08:00 ] 192.168.72.1 /spider/index.php//spider/search/Tpl/Public/Js/ckform.js
INFO: [ route_check ] --START--
INFO: CheckRoute Behavior ::run [ RunTime:0.002950s ]
INFO: [ route_check ] --END-- [ RunTime:0.005487s ]
INFO: [ app_begin ] --START--
INFO: ReadHtmlCache Behavior ::run [ RunTime:0.002190s ]
INFO: [ app_begin ] --END-- [ RunTime:0.002455s ]
ERR: 无法加载模块:spider

[ 2016-06-03T17:00:50+08:00 ] 192.168.72.1 /spider/index.php//spider/search/Tpl/Public/assets/js/jquery-1.8.1.min.js
INFO: [ route_check ] --START--
INFO: CheckRoute Behavior ::run [ RunTime:0.002146s ]
INFO: [ route_check ] --END-- [ RunTime:0.004654s ]
INFO: [ app_begin ] --START--
INFO: ReadHtmlCache Behavior ::run [ RunTime:0.001351s ]
INFO: [ app_begin ] --END-- [ RunTime:0.001522s ]
ERR: 无法加载模块:spider

[ 2016-06-03T17:00:52+08:00 ] 192.168.72.1 /spider/index.php/Menu/index.html
INFO: [ route_check ] --START--
INFO: CheckRoute Behavior ::run [ RunTime:0.001596s ]
INFO: [ route_check ] --END-- [ RunTime:0.001863s ]
INFO: [ app_begin ] --START--
INFO: ReadHtmlCache Behavior ::run [ RunTime:0.001040s ]
INFO: [ app_begin ] --END-- [ RunTime:0.001242s ]
INFO: [ view_parse ] --START--
INFO: ParseTemplate Behavior ::run [ RunTime:0.027182s ]
INFO: [ view_parse ] --END-- [ RunTime:0.027350s ]
INFO: [ view_filter ] --START--
INFO: ContentReplace Behavior ::run [ RunTime:0.000788s ]
INFO: TokenBuild Behavior ::run [ RunTime:0.001558s ]
INFO: WriteHtmlCache Behavior ::run [ RunTime:0.000617s ]
INFO: ShowRuntime Behavior ::run [ RunTime:0.000809s ]
INFO: [ view_filter ] --END-- [ RunTime:0.004215s ]
INFO: [ view_end ] --START--
INFO: ShowPageTrace Behavior ::run [ RunTime:0.001337s ]
INFO: [ view_end ] --END-- [ RunTime:0.001465s ]

[ 2016-06-03T17:00:52+08:00 ] 192.168.72.1 /spider/index.php//spider/search/Tpl/Public/Css/style.css
INFO: [ route_check ] --START--
INFO: CheckRoute Behavior ::run [ RunTime:0.007490s ]
INFO: [ route_check ] --END-- [ RunTime:0.007863s ]
INFO: [ app_begin ] --START--
INFO: ReadHtmlCache Behavior ::run [ RunTime:0.002211s ]
INFO: [ app_begin ] --END-- [ RunTime:0.002444s ]
ERR: 无法加载模块:spider

[ 2016-06-03T17:00:52+08:00 ] 192.168.72.1 /spider/index.php//spider/search/Tpl/Public/Css/bootstrap-responsive.css
INFO: [ route_check ] --START--
INFO: CheckRoute Behavior ::run [ RunTime:0.009453s ]
INFO: [ route_check ] --END-- [ RunTime:0.009733s ]
INFO: [ app_begin ] --START--
INFO: ReadHtmlCache Behavior ::run [ RunTime:0.001914s ]
INFO: [ app_begin ] --END-- [ RunTime:0.002520s ]
ERR: 无法加载模块:spider

[ 2016-06-03T17:00:52+08:00 ] 192.168.72.1 /spider/index.php//spider/search/Tpl/Public/Js/bootstrap.js
INFO: [ route_check ] --START--
INFO: CheckRoute Behavior ::run [ RunTime:0.002495s ]
INFO: [ route_check ] --END-- [ RunTime:0.002841s ]
INFO: [ app_begin ] --START--
INFO: ReadHtmlCache Behavior ::run [ RunTime:0.001372s ]
INFO: [ app_begin ] --END-- [ RunTime:0.001543s ]
ERR: 无法加载模块:spider

[ 2016-06-03T17:00:52+08:00 ] 192.168.72.1 /spider/index.php//spider/search/Tpl/Public/Css/bootstrap.css
INFO: [ route_check ] --START--
INFO: CheckRoute Behavior ::run [ RunTime:0.011419s ]
INFO: [ route_check ] --END-- [ RunTime:0.011789s ]
INFO: [ app_begin ] --START--
INFO: ReadHtmlCache Behavior ::run [ RunTime:0.001618s ]
INFO: [ app_begin ] --END-- [ RunTime:0.001950s ]
ERR: 无法加载模块:spider

[ 2016-06-03T17:00:52+08:00 ] 192.168.72.1 /spider/index.php//spider/search/Tpl/Public/Js/jquery.js
INFO: [ route_check ] --START--
INFO: CheckRoute Behavior ::run [ RunTime:0.005836s ]
INFO: [ route_check ] --END-- [ RunTime:0.006775s ]
INFO: [ app_begin ] --START--
INFO: ReadHtmlCache Behavior ::run [ RunTime:0.001844s ]
INFO: [ app_begin ] --END-- [ RunTime:0.002288s ]
ERR: 无法加载模块:spider

[ 2016-06-03T17:00:52+08:00 ] 192.168.72.1 /spider/index.php//spider/search/Tpl/Public/Js/jquery.sorted.js
INFO: [ route_check ] --START--
INFO: CheckRoute Behavior ::run [ RunTime:0.001988s ]
INFO: [ route_check ] --END-- [ RunTime:0.002264s ]
INFO: [ app_begin ] --START--
INFO: ReadHtmlCache Behavior ::run [ RunTime:0.001915s ]
INFO: [ app_begin ] --END-- [ RunTime:0.002095s ]
ERR: 无法加载模块:spider

[ 2016-06-03T17:00:52+08:00 ] 192.168.72.1 /spider/index.php//spider/search/Tpl/Public/Js/ckform.js
INFO: [ route_check ] --START--
INFO: CheckRoute Behavior ::run [ RunTime:0.002203s ]
INFO: [ route_check ] --END-- [ RunTime:0.002658s ]
INFO: [ app_begin ] --START--
INFO: ReadHtmlCache Behavior ::run [ RunTime:0.001864s ]
INFO: [ app_begin ] --END-- [ RunTime:0.002100s ]
ERR: 无法加载模块:spider

[ 2016-06-03T17:00:52+08:00 ] 192.168.72.1 /spider/index.php//spider/search/Tpl/Public/Js/common.js
INFO: [ route_check ] --START--
INFO: CheckRoute Behavior ::run [ RunTime:0.006122s ]
INFO: [ route_check ] --END-- [ RunTime:0.006349s ]
INFO: [ app_begin ] --START--
INFO: ReadHtmlCache Behavior ::run [ RunTime:0.001458s ]
INFO: [ app_begin ] --END-- [ RunTime:0.001758s ]
ERR: 无法加载模块:spider

[ 2016-06-03T17:00:52+08:00 ] 192.168.72.1 /spider/index.php//spider/search/Tpl/Public/assets/js/jquery-1.8.1.min.js
INFO: [ route_check ] --START--
INFO: CheckRoute Behavior ::run [ RunTime:0.005780s ]
INFO: [ route_check ] --END-- [ RunTime:0.006651s ]
INFO: [ app_begin ] --START--
INFO: ReadHtmlCache Behavior ::run [ RunTime:0.002179s ]
INFO: [ app_begin ] --END-- [ RunTime:0.002776s ]
ERR: 无法加载模块:spider

[ 2016-06-03T17:02:47+08:00 ] 192.168.72.1 /spider/index.php/Admin/index
INFO: [ route_check ] --START--
INFO: CheckRoute Behavior ::run [ RunTime:0.001198s ]
INFO: [ route_check ] --END-- [ RunTime:0.001357s ]
INFO: [ app_begin ] --START--
INFO: ReadHtmlCache Behavior ::run [ RunTime:0.001249s ]
INFO: [ app_begin ] --END-- [ RunTime:0.001398s ]
INFO: [ view_parse ] --START--
INFO: ParseTemplate Behavior ::run [ RunTime:0.013325s ]
INFO: [ view_parse ] --END-- [ RunTime:0.013614s ]
INFO: [ view_filter ] --START--
INFO: ContentReplace Behavior ::run [ RunTime:0.000591s ]
INFO: TokenBuild Behavior ::run [ RunTime:0.000439s ]
INFO: WriteHtmlCache Behavior ::run [ RunTime:0.000480s ]
INFO: ShowRuntime Behavior ::run [ RunTime:0.001407s ]
INFO: [ view_filter ] --END-- [ RunTime:0.003253s ]
INFO: [ view_end ] --START--
INFO: ShowPageTrace Behavior ::run [ RunTime:0.001089s ]
INFO: [ view_end ] --END-- [ RunTime:0.001216s ]

[ 2016-06-03T17:02:48+08:00 ] 192.168.72.1 /spider/index.php/Menu/index.html
INFO: [ route_check ] --START--
INFO: CheckRoute Behavior ::run [ RunTime:0.001040s ]
INFO: [ route_check ] --END-- [ RunTime:0.001315s ]
INFO: [ app_begin ] --START--
INFO: ReadHtmlCache Behavior ::run [ RunTime:0.000950s ]
INFO: [ app_begin ] --END-- [ RunTime:0.001051s ]
INFO: [ view_parse ] --START--
INFO: ParseTemplate Behavior ::run [ RunTime:0.022666s ]
INFO: [ view_parse ] --END-- [ RunTime:0.022807s ]
INFO: [ view_filter ] --START--
INFO: ContentReplace Behavior ::run [ RunTime:0.000552s ]
INFO: TokenBuild Behavior ::run [ RunTime:0.000587s ]
INFO: WriteHtmlCache Behavior ::run [ RunTime:0.000802s ]
INFO: ShowRuntime Behavior ::run [ RunTime:0.000723s ]
INFO: [ view_filter ] --END-- [ RunTime:0.003008s ]
INFO: [ view_end ] --START--
INFO: ShowPageTrace Behavior ::run [ RunTime:0.003306s ]
INFO: [ view_end ] --END-- [ RunTime:0.004769s ]

[ 2016-06-03T17:02:52+08:00 ] 192.168.72.1 /spider/index.php/Menu/index.html
INFO: [ route_check ] --START--
INFO: CheckRoute Behavior ::run [ RunTime:0.006318s ]
INFO: [ route_check ] --END-- [ RunTime:0.006639s ]
INFO: [ app_begin ] --START--
INFO: ReadHtmlCache Behavior ::run [ RunTime:0.005733s ]
INFO: [ app_begin ] --END-- [ RunTime:0.006031s ]
INFO: [ view_parse ] --START--
INFO: ParseTemplate Behavior ::run [ RunTime:0.043690s ]
INFO: [ view_parse ] --END-- [ RunTime:0.044373s ]
INFO: [ view_filter ] --START--
INFO: ContentReplace Behavior ::run [ RunTime:0.003909s ]
INFO: TokenBuild Behavior ::run [ RunTime:0.002032s ]
INFO: WriteHtmlCache Behavior ::run [ RunTime:0.000892s ]
INFO: ShowRuntime Behavior ::run [ RunTime:0.002330s ]
INFO: [ view_filter ] --END-- [ RunTime:0.010844s ]
INFO: [ view_end ] --START--
INFO: ShowPageTrace Behavior ::run [ RunTime:0.010094s ]
INFO: [ view_end ] --END-- [ RunTime:0.010768s ]

